# JRE version: OpenJDK Runtime Environment (16.0.1+9) (build 16.0.1+9-24)
# Java VM: OpenJDK 64-Bit Server VM (16.0.1+9-24, mixed mode, tiered, compressed oops, compressed class ptrs, g1 gc, windows-amd64)
GC Precious Log:
 CPUs: 4 total, 4 available
 Memory: 12210M
 Large Page Support: Disabled
 NUMA Support: Disabled
 Compressed Oops: Enabled (Zero based)
 Heap Region Size: 2M
 Heap Min Capacity: 8M
 Heap Initial Capacity: 192M
 Heap Max Capacity: 3054M
 Pre-touch: Disabled
 Parallel Workers: 4
 Concurrent Workers: 1
 Concurrent Refinement Workers: 4
 Periodic GC: Disabled
Heap:
 garbage-first heap   total 196608K, used 61662K [0x0000000741200000, 0x0000000800000000)
  region size 2048K, 4 young (8192K), 4 survivors (8192K)
 Metaspace       used 56828K, committed 57216K, reserved 1105920K
  class space    used 5652K, committed 5824K, reserved 1048576K
GC Heap History (20 events):
Event: 17.239 GC heap after
{Heap after GC invocations=23 (full 0):
 garbage-first heap   total 71680K, used 37848K [0x0000000741200000, 0x0000000800000000)
  region size 2048K, 2 young (4096K), 2 survivors (4096K)
 Metaspace       used 47923K, committed 48192K, reserved 1097728K
  class space    used 4748K, committed 4864K, reserved 1048576K
}
Event: 17.255 GC heap before
{Heap before GC invocations=23 (full 0):
 garbage-first heap   total 71680K, used 50136K [0x0000000741200000, 0x0000000800000000)
  region size 2048K, 9 young (18432K), 2 survivors (4096K)
 Metaspace       used 47923K, committed 48192K, reserved 1097728K
  class space    used 4748K, committed 4864K, reserved 1048576K
}
Event: 17.265 GC heap after
{Heap after GC invocations=24 (full 0):
 garbage-first heap   total 71680K, used 38947K [0x0000000741200000, 0x0000000800000000)
  region size 2048K, 1 young (2048K), 1 survivors (2048K)
 Metaspace       used 47923K, committed 48192K, reserved 1097728K
  class space    used 4748K, committed 4864K, reserved 1048576K
}
Event: 17.296 GC heap before
{Heap before GC invocations=24 (full 0):
 garbage-first heap   total 71680K, used 51235K [0x0000000741200000, 0x0000000800000000)
  region size 2048K, 8 young (16384K), 1 survivors (2048K)
 Metaspace       used 47923K, committed 48192K, reserved 1097728K
  class space    used 4748K, committed 4864K, reserved 1048576K
}
Event: 17.299 GC heap after
{Heap after GC invocations=25 (full 0):
 garbage-first heap   total 194560K, used 38888K [0x0000000741200000, 0x0000000800000000)
  region size 2048K, 1 young (2048K), 1 survivors (2048K)
 Metaspace       used 47923K, committed 48192K, reserved 1097728K
  class space    used 4748K, committed 4864K, reserved 1048576K
}
Event: 20.787 GC heap before
{Heap before GC invocations=26 (full 0):
 garbage-first heap   total 178176K, used 133096K [0x0000000741200000, 0x0000000800000000)
  region size 2048K, 48 young (98304K), 1 survivors (2048K)
 Metaspace       used 50909K, committed 51264K, reserved 1097728K
  class space    used 5057K, committed 5248K, reserved 1048576K
}
Event: 20.807 GC heap after
{Heap after GC invocations=27 (full 0):
 garbage-first heap   total 178176K, used 49688K [0x0000000741200000, 0x0000000800000000)
  region size 2048K, 6 young (12288K), 6 survivors (12288K)
 Metaspace       used 50909K, committed 51264K, reserved 1097728K
  class space    used 5057K, committed 5248K, reserved 1048576K
}
Event: 21.666 GC heap before
{Heap before GC invocations=27 (full 0):
 garbage-first heap   total 178176K, used 121368K [0x0000000741200000, 0x0000000800000000)
  region size 2048K, 41 young (83968K), 6 survivors (12288K)
 Metaspace       used 51423K, committed 51904K, reserved 1097728K
  class space    used 5083K, committed 5312K, reserved 1048576K
}
Event: 21.682 GC heap after
{Heap after GC invocations=28 (full 0):
 garbage-first heap   total 178176K, used 52440K [0x0000000741200000, 0x0000000800000000)
  region size 2048K, 2 young (4096K), 2 survivors (4096K)
 Metaspace       used 51423K, committed 51904K, reserved 1097728K
  class space    used 5083K, committed 5312K, reserved 1048576K
}
Event: 23.396 GC heap before
{Heap before GC invocations=28 (full 0):
 garbage-first heap   total 178176K, used 126168K [0x0000000741200000, 0x0000000800000000)
  region size 2048K, 38 young (77824K), 2 survivors (4096K)
 Metaspace       used 53097K, committed 53440K, reserved 1097728K
  class space    used 5251K, committed 5440K, reserved 1048576K
}
Event: 23.411 GC heap after
{Heap after GC invocations=29 (full 0):
 garbage-first heap   total 178176K, used 53659K [0x0000000741200000, 0x0000000800000000)
  region size 2048K, 2 young (4096K), 2 survivors (4096K)
 Metaspace       used 53097K, committed 53440K, reserved 1097728K
  class space    used 5251K, committed 5440K, reserved 1048576K
}
Event: 24.246 GC heap before
{Heap before GC invocations=29 (full 0):
 garbage-first heap   total 178176K, used 88475K [0x0000000741200000, 0x0000000800000000)
  region size 2048K, 9 young (18432K), 2 survivors (4096K)
 Metaspace       used 53550K, committed 53888K, reserved 1105920K
  class space    used 5265K, committed 5440K, reserved 1048576K
}
Event: 24.257 GC heap after
{Heap after GC invocations=30 (full 0):
 garbage-first heap   total 178176K, used 76657K [0x0000000741200000, 0x0000000800000000)
  region size 2048K, 2 young (4096K), 2 survivors (4096K)
 Metaspace       used 53550K, committed 53888K, reserved 1105920K
  class space    used 5265K, committed 5440K, reserved 1048576K
}
Event: 24.261 GC heap before
{Heap before GC invocations=30 (full 0):
 garbage-first heap   total 178176K, used 88945K [0x0000000741200000, 0x0000000800000000)
  region size 2048K, 3 young (6144K), 2 survivors (4096K)
 Metaspace       used 53550K, committed 53888K, reserved 1105920K
  class space    used 5265K, committed 5440K, reserved 1048576K
}
Event: 24.270 GC heap after
{Heap after GC invocations=31 (full 0):
 garbage-first heap   total 178176K, used 88945K [0x0000000741200000, 0x0000000800000000)
  region size 2048K, 2 young (4096K), 2 survivors (4096K)
 Metaspace       used 53550K, committed 53888K, reserved 1105920K
  class space    used 5265K, committed 5440K, reserved 1048576K
}
Event: 25.820 GC heap before
{Heap before GC invocations=32 (full 0):
 garbage-first heap   total 182272K, used 146289K [0x0000000741200000, 0x0000000800000000)
  region size 2048K, 23 young (47104K), 2 survivors (4096K)
 Metaspace       used 55802K, committed 56256K, reserved 1105920K
  class space    used 5534K, committed 5760K, reserved 1048576K
}
Event: 25.837 GC heap after
{Heap after GC invocations=33 (full 0):
 garbage-first heap   total 182272K, used 58666K [0x0000000741200000, 0x0000000800000000)
  region size 2048K, 4 young (8192K), 4 survivors (8192K)
 Metaspace       used 55802K, committed 56256K, reserved 1105920K
  class space    used 5534K, committed 5760K, reserved 1048576K
}
Event: 25.954 GC heap before
{Heap before GC invocations=33 (full 0):
 garbage-first heap   total 182272K, used 89386K [0x0000000741200000, 0x0000000800000000)
  region size 2048K, 6 young (12288K), 4 survivors (8192K)
 Metaspace       used 55952K, committed 56384K, reserved 1105920K
  class space    used 5550K, committed 5760K, reserved 1048576K
}
Event: 25.965 GC heap after
{Heap after GC invocations=34 (full 0):
 garbage-first heap   total 182272K, used 87702K [0x0000000741200000, 0x0000000800000000)
  region size 2048K, 4 young (8192K), 4 survivors (8192K)
 Metaspace       used 55952K, committed 56384K, reserved 1105920K
  class space    used 5550K, committed 5760K, reserved 1048576K
}
Event: 27.051 GC heap before
{Heap before GC invocations=34 (full 0):
 garbage-first heap   total 182272K, used 151190K [0x0000000741200000, 0x0000000800000000)
  region size 2048K, 34 young (69632K), 4 survivors (8192K)
 Metaspace       used 56828K, committed 57216K, reserved 1105920K
  class space    used 5652K, committed 5824K, reserved 1048576K
}

