# JRE version: OpenJDK Runtime Environment (16.0.1+9) (build 16.0.1+9-24)
# Java VM: OpenJDK 64-Bit Server VM (16.0.1+9-24, mixed mode, tiered, compressed oops, compressed class ptrs, g1 gc, windows-amd64)
GC Precious Log:
 CPUs: 4 total, 4 available
 Memory: 12210M
 Large Page Support: Disabled
 NUMA Support: Disabled
 Compressed Oops: Enabled (Zero based)
 Heap Region Size: 2M
 Heap Min Capacity: 8M
 Heap Initial Capacity: 192M
 Heap Max Capacity: 3054M
 Pre-touch: Disabled
 Parallel Workers: 4
 Concurrent Workers: 1
 Concurrent Refinement Workers: 4
 Periodic GC: Disabled
Heap:
 garbage-first heap   total 196608K, used 19162K [0x0000000741200000, 0x0000000800000000)
  region size 2048K, 9 young (18432K), 1 survivors (2048K)
 Metaspace       used 19828K, committed 19968K, reserved 1073152K
  class space    used 2075K, committed 2176K, reserved 1048576K
GC Heap History (6 events):
Event: 2.591 GC heap before
{Heap before GC invocations=0 (full 0):
 garbage-first heap   total 196608K, used 10240K [0x0000000741200000, 0x0000000800000000)
  region size 2048K, 6 young (12288K), 0 survivors (0K)
 Metaspace       used 11249K, committed 11392K, reserved 1064960K
  class space    used 1014K, committed 1088K, reserved 1048576K
}
Event: 2.602 GC heap after
{Heap after GC invocations=1 (full 0):
 garbage-first heap   total 196608K, used 3120K [0x0000000741200000, 0x0000000800000000)
  region size 2048K, 1 young (2048K), 1 survivors (2048K)
 Metaspace       used 11249K, committed 11392K, reserved 1064960K
  class space    used 1014K, committed 1088K, reserved 1048576K
}
Event: 3.092 GC heap before
{Heap before GC invocations=1 (full 0):
 garbage-first heap   total 196608K, used 11312K [0x0000000741200000, 0x0000000800000000)
  region size 2048K, 5 young (10240K), 1 survivors (2048K)
 Metaspace       used 13382K, committed 13504K, reserved 1064960K
  class space    used 1290K, committed 1344K, reserved 1048576K
}
Event: 3.097 GC heap after
{Heap after GC invocations=2 (full 0):
 garbage-first heap   total 196608K, used 3806K [0x0000000741200000, 0x0000000800000000)
  region size 2048K, 1 young (2048K), 1 survivors (2048K)
 Metaspace       used 13382K, committed 13504K, reserved 1064960K
  class space    used 1290K, committed 1344K, reserved 1048576K
}
Event: 4.296 GC heap before
{Heap before GC invocations=2 (full 0):
 garbage-first heap   total 196608K, used 32478K [0x0000000741200000, 0x0000000800000000)
  region size 2048K, 15 young (30720K), 1 survivors (2048K)
 Metaspace       used 16806K, committed 16960K, reserved 1064960K
  class space    used 1715K, committed 1792K, reserved 1048576K
}
Event: 4.299 GC heap after
{Heap after GC invocations=3 (full 0):
 garbage-first heap   total 196608K, used 4826K [0x0000000741200000, 0x0000000800000000)
  region size 2048K, 1 young (2048K), 1 survivors (2048K)
 Metaspace       used 16806K, committed 16960K, reserved 1064960K
  class space    used 1715K, committed 1792K, reserved 1048576K
}

